[debug] [2025-09-20T15:27:48.084Z] ----------------------------------------------------------------------
[debug] [2025-09-20T15:27:48.087Z] Command:       /nix/store/ws50yvm6vzlzf7jzz6n7xh4szddrack1-nodejs-20.19.1/bin/node /nix/store/wma3rvxxva78rqvnpja82nx5b3mclpxg-firebase-tools-14.15.2/lib/node_modules/firebase-tools/lib/bin/firebase.js init apphosting
[debug] [2025-09-20T15:27:48.087Z] CLI Version:   14.15.2
[debug] [2025-09-20T15:27:48.087Z] Platform:      linux
[debug] [2025-09-20T15:27:48.088Z] Node Version:  v20.19.1
[debug] [2025-09-20T15:27:48.088Z] Time:          Sat Sep 20 2025 15:27:48 GMT+0000 (Coordinated Universal Time)
[debug] [2025-09-20T15:27:48.088Z] ----------------------------------------------------------------------
[debug] 
[debug] [2025-09-20T15:27:48.448Z] No OAuth tokens found
[debug] [2025-09-20T15:27:48.449Z] No OAuth tokens found
[error] Failed to fetch Firebase Project from current Studio Workspace: Unable to refresh auth: not yet authenticated.
[debug] [2025-09-20T15:27:48.453Z] > command requires scopes: ["email","openid","https://www.googleapis.com/auth/cloudplatformprojects.readonly","https://www.googleapis.com/auth/firebase","https://www.googleapis.com/auth/cloud-platform","https://www.googleapis.com/auth/userinfo.email"]
[debug] [2025-09-20T15:27:48.453Z] > authorizing via signed-in user (arpitdhote51@gmail.com)
[info] 
     ######## #### ########  ######## ########     ###     ######  ########
     ##        ##  ##     ## ##       ##     ##  ##   ##  ##       ##
     ######    ##  ########  ######   ########  #########  ######  ######
     ##        ##  ##    ##  ##       ##     ## ##     ##       ## ##
     ##       #### ##     ## ######## ########  ##     ##  ######  ########

You're about to initialize a Firebase project in this directory:

  /home/user/studio

Before we get started, keep in mind:

  * You are initializing within an existing Firebase project directory

[info] 
=== Project Setup
[info] 
[info] First, let's associate this project directory with a Firebase project.
[info] You can create multiple project aliases by running firebase use --add, 
[info] but for now we'll just set up a default project.
[info] 
[debug] [2025-09-20T15:27:48.455Z] Using project from CLI flag: studio-7376954909-7abc4
[debug] [2025-09-20T15:27:48.456Z] No OAuth tokens found
[debug] [2025-09-20T15:27:48.456Z] No OAuth tokens found
[debug] [2025-09-20T15:27:48.456Z] > command requires scopes: ["email","openid","https://www.googleapis.com/auth/cloudplatformprojects.readonly","https://www.googleapis.com/auth/firebase","https://www.googleapis.com/auth/cloud-platform","https://www.googleapis.com/auth/userinfo.email"]
[debug] [2025-09-20T15:27:48.456Z] > authorizing via signed-in user (arpitdhote51@gmail.com)
[debug] [2025-09-20T15:27:48.458Z] >>> [apiv2][query] GET https://firebase.googleapis.com/v1beta1/projects/studio-7376954909-7abc4 [none]
[debug] [2025-09-20T15:27:48.768Z] <<< [apiv2][status] GET https://firebase.googleapis.com/v1beta1/projects/studio-7376954909-7abc4 200
[debug] [2025-09-20T15:27:48.768Z] <<< [apiv2][body] GET https://firebase.googleapis.com/v1beta1/projects/studio-7376954909-7abc4 {"projectId":"studio-7376954909-7abc4","projectNumber":"131083878984","displayName":"Firebase app","name":"projects/studio-7376954909-7abc4","resources":{"hostingSite":"studio-7376954909-7abc4"},"state":"ACTIVE","etag":"1_aa6b5724-0be0-4f64-a705-3804fab0acfc"}
[info] i  Using project studio-7376954909-7abc4 (Firebase app) 
[info] 
=== App Hosting Setup
[debug] [2025-09-20T15:27:48.783Z] No OAuth tokens found
[debug] [2025-09-20T15:27:48.783Z] No OAuth tokens found
[debug] [2025-09-20T15:27:48.783Z] > command requires scopes: ["email","openid","https://www.googleapis.com/auth/cloudplatformprojects.readonly","https://www.googleapis.com/auth/firebase","https://www.googleapis.com/auth/cloud-platform","https://www.googleapis.com/auth/userinfo.email"]
[debug] [2025-09-20T15:27:48.783Z] > authorizing via signed-in user (arpitdhote51@gmail.com)
[debug] [2025-09-20T15:27:48.783Z] >>> [apiv2][query] GET https://cloudbilling.googleapis.com/v1/projects/studio-7376954909-7abc4/billingInfo [none]
[debug] [2025-09-20T15:27:49.171Z] <<< [apiv2][status] GET https://cloudbilling.googleapis.com/v1/projects/studio-7376954909-7abc4/billingInfo 200
[debug] [2025-09-20T15:27:49.172Z] <<< [apiv2][body] GET https://cloudbilling.googleapis.com/v1/projects/studio-7376954909-7abc4/billingInfo {"name":"projects/studio-7376954909-7abc4/billingInfo","projectId":"studio-7376954909-7abc4","billingAccountName":"billingAccounts/01C855-8CD870-0236C8","billingEnabled":true}
[debug] [2025-09-20T15:27:49.178Z] No OAuth tokens found
[debug] [2025-09-20T15:27:49.178Z] No OAuth tokens found
[debug] [2025-09-20T15:27:49.178Z] > command requires scopes: ["email","openid","https://www.googleapis.com/auth/cloudplatformprojects.readonly","https://www.googleapis.com/auth/firebase","https://www.googleapis.com/auth/cloud-platform","https://www.googleapis.com/auth/userinfo.email"]
[debug] [2025-09-20T15:27:49.180Z] > authorizing via signed-in user (arpitdhote51@gmail.com)
[debug] [2025-09-20T15:27:49.180Z] >>> [apiv2][query] POST https://iam.googleapis.com/v1/projects/studio-7376954909-7abc4/serviceAccounts/firebase-app-hosting-compute@studio-7376954909-7abc4.iam.gserviceaccount.com:testIamPermissions [none]
[debug] [2025-09-20T15:27:49.180Z] >>> [apiv2][(partial)header] POST https://iam.googleapis.com/v1/projects/studio-7376954909-7abc4/serviceAccounts/firebase-app-hosting-compute@studio-7376954909-7abc4.iam.gserviceaccount.com:testIamPermissions x-goog-quota-user=projects/studio-7376954909-7abc4
[debug] [2025-09-20T15:27:49.180Z] >>> [apiv2][body] POST https://iam.googleapis.com/v1/projects/studio-7376954909-7abc4/serviceAccounts/firebase-app-hosting-compute@studio-7376954909-7abc4.iam.gserviceaccount.com:testIamPermissions {"permissions":["iam.serviceAccounts.actAs"]}
[debug] [2025-09-20T15:27:50.153Z] <<< [apiv2][status] POST https://iam.googleapis.com/v1/projects/studio-7376954909-7abc4/serviceAccounts/firebase-app-hosting-compute@studio-7376954909-7abc4.iam.gserviceaccount.com:testIamPermissions 200
[debug] [2025-09-20T15:27:50.153Z] <<< [apiv2][body] POST https://iam.googleapis.com/v1/projects/studio-7376954909-7abc4/serviceAccounts/firebase-app-hosting-compute@studio-7376954909-7abc4.iam.gserviceaccount.com:testIamPermissions {"permissions":["iam.serviceAccounts.actAs"]}
[debug] [2025-09-20T15:27:50.154Z] No OAuth tokens found
[debug] [2025-09-20T15:27:50.157Z] No OAuth tokens found
[debug] [2025-09-20T15:27:50.157Z] > command requires scopes: ["email","openid","https://www.googleapis.com/auth/cloudplatformprojects.readonly","https://www.googleapis.com/auth/firebase","https://www.googleapis.com/auth/cloud-platform","https://www.googleapis.com/auth/userinfo.email"]
[debug] [2025-09-20T15:27:50.157Z] > authorizing via signed-in user (arpitdhote51@gmail.com)
[debug] [2025-09-20T15:27:50.157Z] >>> [apiv2][query] POST https://iam.googleapis.com/v1/projects/studio-7376954909-7abc4/serviceAccounts [none]
[debug] [2025-09-20T15:27:50.157Z] >>> [apiv2][body] POST https://iam.googleapis.com/v1/projects/studio-7376954909-7abc4/serviceAccounts {"accountId":"firebase-app-hosting-compute","serviceAccount":{"displayName":"Firebase App Hosting compute service account","description":"Default service account used to run builds and deploys for Firebase App Hosting"}}
[debug] [2025-09-20T15:27:51.285Z] <<< [apiv2][status] POST https://iam.googleapis.com/v1/projects/studio-7376954909-7abc4/serviceAccounts 409
[debug] [2025-09-20T15:27:51.285Z] <<< [apiv2][body] POST https://iam.googleapis.com/v1/projects/studio-7376954909-7abc4/serviceAccounts [omitted]
[debug] [2025-09-20T15:27:51.289Z] No OAuth tokens found
[debug] [2025-09-20T15:27:51.289Z] No OAuth tokens found
[debug] [2025-09-20T15:27:51.289Z] > command requires scopes: ["email","openid","https://www.googleapis.com/auth/cloudplatformprojects.readonly","https://www.googleapis.com/auth/firebase","https://www.googleapis.com/auth/cloud-platform","https://www.googleapis.com/auth/userinfo.email"]
[debug] [2025-09-20T15:27:51.289Z] > authorizing via signed-in user (arpitdhote51@gmail.com)
[debug] [2025-09-20T15:27:51.289Z] >>> [apiv2][query] POST https://cloudresourcemanager.googleapis.com/v1/projects/studio-7376954909-7abc4:getIamPolicy [none]
[debug] [2025-09-20T15:27:51.623Z] <<< [apiv2][status] POST https://cloudresourcemanager.googleapis.com/v1/projects/studio-7376954909-7abc4:getIamPolicy 200
[debug] [2025-09-20T15:27:51.624Z] <<< [apiv2][body] POST https://cloudresourcemanager.googleapis.com/v1/projects/studio-7376954909-7abc4:getIamPolicy {"version":1,"etag":"BwY/PTbyM7s=","bindings":[{"role":"roles/artifactregistry.serviceAgent","members":["serviceAccount:service-131083878984@gcp-sa-artifactregistry.iam.gserviceaccount.com"]},{"role":"roles/cloudaicompanion.serviceAgent","members":["serviceAccount:service-131083878984@gcp-sa-cloudaicompanion.iam.gserviceaccount.com"]},{"role":"roles/cloudbuild.builds.builder","members":["serviceAccount:131083878984@cloudbuild.gserviceaccount.com"]},{"role":"roles/cloudbuild.serviceAgent","members":["serviceAccount:service-131083878984@gcp-sa-cloudbuild.iam.gserviceaccount.com"]},{"role":"roles/containerregistry.ServiceAgent","members":["serviceAccount:service-131083878984@containerregistry.iam.gserviceaccount.com"]},{"role":"roles/developerconnect.readTokenAccessor","members":["serviceAccount:firebase-app-hosting-compute@studio-7376954909-7abc4.iam.gserviceaccount.com"]},{"role":"roles/developerconnect.serviceAgent","members":["serviceAccount:service-131083878984@gcp-sa-devconnect.iam.gserviceaccount.com"]},{"role":"roles/editor","members":["serviceAccount:131083878984-compute@developer.gserviceaccount.com"]},{"role":"roles/firebase.managementServiceAgent","members":["serviceAccount:service-131083878984@gcp-sa-firebase.iam.gserviceaccount.com"]},{"role":"roles/firebase.sdkAdminServiceAgent","members":["serviceAccount:firebase-adminsdk-fbsvc@studio-7376954909-7abc4.iam.gserviceaccount.com","serviceAccount:firebase-app-hosting-compute@studio-7376954909-7abc4.iam.gserviceaccount.com"]},{"role":"roles/firebaseappcheck.admin","members":["serviceAccount:firebase-adminsdk-fbsvc@studio-7376954909-7abc4.iam.gserviceaccount.com"]},{"role":"roles/firebaseapphosting.computeRunner","members":["serviceAccount:firebase-app-hosting-compute@studio-7376954909-7abc4.iam.gserviceaccount.com"]},{"role":"roles/firebaseapphosting.serviceAgent","members":["serviceAccount:service-131083878984@gcp-sa-firebaseapphosting.iam.gserviceaccount.com"]},{"role":"roles/firebaseauth.admin","members":["serviceAccount:firebase-adminsdk-fbsvc@studio-7376954909-7abc4.iam.gserviceaccount.com"]},{"role":"roles/firebaseml.serviceAgent","members":["serviceAccount:service-131083878984@gcp-sa-firebasevertexai.iam.gserviceaccount.com"]},{"role":"roles/firebaserules.system","members":["serviceAccount:service-131083878984@firebase-rules.iam.gserviceaccount.com"]},{"role":"roles/firestore.serviceAgent","members":["serviceAccount:service-131083878984@gcp-sa-firestore.iam.gserviceaccount.com"]},{"role":"roles/iam.serviceAccountTokenCreator","members":["serviceAccount:firebase-adminsdk-fbsvc@studio-7376954909-7abc4.iam.gserviceaccount.com"]},{"role":"roles/owner","members":["user:arpitdhote51@gmail.com"]},{"role":"roles/run.serviceAgent","members":["serviceAccount:service-131083878984@serverless-robot-prod.iam.gserviceaccount.com"]},{"role":"roles/secretmanager.admin_withcond_899e223dd4d321dbfbce","members":["serviceAccount:service-131083878984@gcp-sa-devconnect.iam.gserviceaccount.com"]},{"role":"roles/storage.objectViewer","members":["serviceAccount:firebase-app-hosting-compute@studio-7376954909-7abc4.iam.gserviceaccount.com"]}]}
[debug] [2025-09-20T15:27:51.629Z] No OAuth tokens found
[debug] [2025-09-20T15:27:51.629Z] No OAuth tokens found
[debug] [2025-09-20T15:27:51.629Z] > command requires scopes: ["email","openid","https://www.googleapis.com/auth/cloudplatformprojects.readonly","https://www.googleapis.com/auth/firebase","https://www.googleapis.com/auth/cloud-platform","https://www.googleapis.com/auth/userinfo.email"]
[debug] [2025-09-20T15:27:51.630Z] > authorizing via signed-in user (arpitdhote51@gmail.com)
[debug] [2025-09-20T15:27:51.630Z] >>> [apiv2][query] POST https://cloudresourcemanager.googleapis.com/v1/projects/studio-7376954909-7abc4:setIamPolicy [none]
[debug] [2025-09-20T15:27:51.633Z] >>> [apiv2][body] POST https://cloudresourcemanager.googleapis.com/v1/projects/studio-7376954909-7abc4:setIamPolicy {"policy":{"version":1,"etag":"BwY/PTbyM7s=","bindings":[{"role":"roles/artifactregistry.serviceAgent","members":["serviceAccount:service-131083878984@gcp-sa-artifactregistry.iam.gserviceaccount.com"]},{"role":"roles/cloudaicompanion.serviceAgent","members":["serviceAccount:service-131083878984@gcp-sa-cloudaicompanion.iam.gserviceaccount.com"]},{"role":"roles/cloudbuild.builds.builder","members":["serviceAccount:131083878984@cloudbuild.gserviceaccount.com"]},{"role":"roles/cloudbuild.serviceAgent","members":["serviceAccount:service-131083878984@gcp-sa-cloudbuild.iam.gserviceaccount.com"]},{"role":"roles/containerregistry.ServiceAgent","members":["serviceAccount:service-131083878984@containerregistry.iam.gserviceaccount.com"]},{"role":"roles/developerconnect.readTokenAccessor","members":["serviceAccount:firebase-app-hosting-compute@studio-7376954909-7abc4.iam.gserviceaccount.com"]},{"role":"roles/developerconnect.serviceAgent","members":["serviceAccount:service-131083878984@gcp-sa-devconnect.iam.gserviceaccount.com"]},{"role":"roles/editor","members":["serviceAccount:131083878984-compute@developer.gserviceaccount.com"]},{"role":"roles/firebase.managementServiceAgent","members":["serviceAccount:service-131083878984@gcp-sa-firebase.iam.gserviceaccount.com"]},{"role":"roles/firebase.sdkAdminServiceAgent","members":["serviceAccount:firebase-adminsdk-fbsvc@studio-7376954909-7abc4.iam.gserviceaccount.com","serviceAccount:firebase-app-hosting-compute@studio-7376954909-7abc4.iam.gserviceaccount.com"]},{"role":"roles/firebaseappcheck.admin","members":["serviceAccount:firebase-adminsdk-fbsvc@studio-7376954909-7abc4.iam.gserviceaccount.com"]},{"role":"roles/firebaseapphosting.computeRunner","members":["serviceAccount:firebase-app-hosting-compute@studio-7376954909-7abc4.iam.gserviceaccount.com"]},{"role":"roles/firebaseapphosting.serviceAgent","members":["serviceAccount:service-131083878984@gcp-sa-firebaseapphosting.iam.gserviceaccount.com"]},{"role":"roles/firebaseauth.admin","members":["serviceAccount:firebase-adminsdk-fbsvc@studio-7376954909-7abc4.iam.gserviceaccount.com"]},{"role":"roles/firebaseml.serviceAgent","members":["serviceAccount:service-131083878984@gcp-sa-firebasevertexai.iam.gserviceaccount.com"]},{"role":"roles/firebaserules.system","members":["serviceAccount:service-131083878984@firebase-rules.iam.gserviceaccount.com"]},{"role":"roles/firestore.serviceAgent","members":["serviceAccount:service-131083878984@gcp-sa-firestore.iam.gserviceaccount.com"]},{"role":"roles/iam.serviceAccountTokenCreator","members":["serviceAccount:firebase-adminsdk-fbsvc@studio-7376954909-7abc4.iam.gserviceaccount.com"]},{"role":"roles/owner","members":["user:arpitdhote51@gmail.com"]},{"role":"roles/run.serviceAgent","members":["serviceAccount:service-131083878984@serverless-robot-prod.iam.gserviceaccount.com"]},{"role":"roles/secretmanager.admin_withcond_899e223dd4d321dbfbce","members":["serviceAccount:service-131083878984@gcp-sa-devconnect.iam.gserviceaccount.com"]},{"role":"roles/storage.objectViewer","members":["serviceAccount:firebase-app-hosting-compute@studio-7376954909-7abc4.iam.gserviceaccount.com"]}]},"updateMask":"bindings"}
[debug] [2025-09-20T15:27:52.773Z] <<< [apiv2][status] POST https://cloudresourcemanager.googleapis.com/v1/projects/studio-7376954909-7abc4:setIamPolicy 200
[debug] [2025-09-20T15:27:52.774Z] <<< [apiv2][body] POST https://cloudresourcemanager.googleapis.com/v1/projects/studio-7376954909-7abc4:setIamPolicy {"version":1,"etag":"BwY/PTrSVUY=","bindings":[{"role":"roles/artifactregistry.serviceAgent","members":["serviceAccount:service-131083878984@gcp-sa-artifactregistry.iam.gserviceaccount.com"]},{"role":"roles/cloudaicompanion.serviceAgent","members":["serviceAccount:service-131083878984@gcp-sa-cloudaicompanion.iam.gserviceaccount.com"]},{"role":"roles/cloudbuild.builds.builder","members":["serviceAccount:131083878984@cloudbuild.gserviceaccount.com"]},{"role":"roles/cloudbuild.serviceAgent","members":["serviceAccount:service-131083878984@gcp-sa-cloudbuild.iam.gserviceaccount.com"]},{"role":"roles/containerregistry.ServiceAgent","members":["serviceAccount:service-131083878984@containerregistry.iam.gserviceaccount.com"]},{"role":"roles/developerconnect.readTokenAccessor","members":["serviceAccount:firebase-app-hosting-compute@studio-7376954909-7abc4.iam.gserviceaccount.com"]},{"role":"roles/developerconnect.serviceAgent","members":["serviceAccount:service-131083878984@gcp-sa-devconnect.iam.gserviceaccount.com"]},{"role":"roles/editor","members":["serviceAccount:131083878984-compute@developer.gserviceaccount.com"]},{"role":"roles/firebase.managementServiceAgent","members":["serviceAccount:service-131083878984@gcp-sa-firebase.iam.gserviceaccount.com"]},{"role":"roles/firebase.sdkAdminServiceAgent","members":["serviceAccount:firebase-adminsdk-fbsvc@studio-7376954909-7abc4.iam.gserviceaccount.com","serviceAccount:firebase-app-hosting-compute@studio-7376954909-7abc4.iam.gserviceaccount.com"]},{"role":"roles/firebaseappcheck.admin","members":["serviceAccount:firebase-adminsdk-fbsvc@studio-7376954909-7abc4.iam.gserviceaccount.com"]},{"role":"roles/firebaseapphosting.computeRunner","members":["serviceAccount:firebase-app-hosting-compute@studio-7376954909-7abc4.iam.gserviceaccount.com"]},{"role":"roles/firebaseapphosting.serviceAgent","members":["serviceAccount:service-131083878984@gcp-sa-firebaseapphosting.iam.gserviceaccount.com"]},{"role":"roles/firebaseauth.admin","members":["serviceAccount:firebase-adminsdk-fbsvc@studio-7376954909-7abc4.iam.gserviceaccount.com"]},{"role":"roles/firebaseml.serviceAgent","members":["serviceAccount:service-131083878984@gcp-sa-firebasevertexai.iam.gserviceaccount.com"]},{"role":"roles/firebaserules.system","members":["serviceAccount:service-131083878984@firebase-rules.iam.gserviceaccount.com"]},{"role":"roles/firestore.serviceAgent","members":["serviceAccount:service-131083878984@gcp-sa-firestore.iam.gserviceaccount.com"]},{"role":"roles/iam.serviceAccountTokenCreator","members":["serviceAccount:firebase-adminsdk-fbsvc@studio-7376954909-7abc4.iam.gserviceaccount.com"]},{"role":"roles/owner","members":["user:arpitdhote51@gmail.com"]},{"role":"roles/run.serviceAgent","members":["serviceAccount:service-131083878984@serverless-robot-prod.iam.gserviceaccount.com"]},{"role":"roles/secretmanager.admin_withcond_899e223dd4d321dbfbce","members":["serviceAccount:service-131083878984@gcp-sa-devconnect.iam.gserviceaccount.com"]},{"role":"roles/storage.objectViewer","members":["serviceAccount:firebase-app-hosting-compute@studio-7376954909-7abc4.iam.gserviceaccount.com"]}]}
[info] i  This command links your local project to Firebase App Hosting. You will be able to deploy your web app with `firebase deploy` after setup. 
[debug] [2025-09-20T15:27:56.392Z] No OAuth tokens found
[debug] [2025-09-20T15:27:56.393Z] No OAuth tokens found
[debug] [2025-09-20T15:27:56.393Z] > command requires scopes: ["email","openid","https://www.googleapis.com/auth/cloudplatformprojects.readonly","https://www.googleapis.com/auth/firebase","https://www.googleapis.com/auth/cloud-platform","https://www.googleapis.com/auth/userinfo.email"]
[debug] [2025-09-20T15:27:56.393Z] > authorizing via signed-in user (arpitdhote51@gmail.com)
[debug] [2025-09-20T15:27:56.394Z] >>> [apiv2][query] GET https://firebaseapphosting.googleapis.com/v1beta/projects/studio-7376954909-7abc4/locations/-/backends 
[debug] [2025-09-20T15:27:57.615Z] <<< [apiv2][status] GET https://firebaseapphosting.googleapis.com/v1beta/projects/studio-7376954909-7abc4/locations/-/backends 200
[debug] [2025-09-20T15:27:57.622Z] <<< [apiv2][body] GET https://firebaseapphosting.googleapis.com/v1beta/projects/studio-7376954909-7abc4/locations/-/backends {"backends":[{"name":"projects/studio-7376954909-7abc4/locations/us-central1/backends/studio","createTime":"2025-09-11T16:41:09.380788696Z","updateTime":"2025-09-14T10:53:31.338702Z","uri":"studio--studio-7376954909-7abc4.us-central1.hosted.app","managedResources":[{"runService":{"service":"projects/131083878984/locations/us-central1/services/studio"}}],"codebase":{"repository":"projects/studio-7376954909-7abc4/locations/us-central1/connections/apphosting-github-conn-hid62ll/gitRepositoryLinks/arpitdhote51-Lexease","rootDirectory":"/"},"displayName":"Studio","uid":"7e199234-cea6-4c87-af4d-87554141aad5","etag":"C0x3dz71VR8ROIBTiyUlKoiZFRkHExXI42Y2GDEgOq8","reconciling":false,"servingLocality":"GLOBAL_ACCESS","serviceAccount":"firebase-app-hosting-compute@studio-7376954909-7abc4.iam.gserviceaccount.com","appId":"1:131083878984:web:4504e29ddc8d7b405e4e7d","environment":"production"}]}
[info] i  === Deploy local source setup 
